<?xml version="1.0" encoding="utf-8" standalone="no"?>
<!--This file represents the results of running a test suite-->
<test-results name="/home/peter/Documents/quell/enterprisegh/directions-api-clients/csharp/src/IO.Swagger.Test/bin/Debug/IO.Swagger.Test.dll" total="237" errors="0" failures="0" not-run="0" inconclusive="0" ignored="0" skipped="0" invalid="0" date="2018-01-15" time="07:30:23">
  <environment nunit-version="2.6.4.14350" clr-version="4.0.30319.42000" os-version="Unix 4.4.0.109" platform="Unix" cwd="/home/peter/Documents/quell/enterprisegh/directions-api-clients/csharp" machine-name="luminartank" user="peter" user-domain="luminartank" />
  <culture-info current-culture="en-US" current-uiculture="en-US" />
  <test-suite type="Assembly" name="/home/peter/Documents/quell/enterprisegh/directions-api-clients/csharp/src/IO.Swagger.Test/bin/Debug/IO.Swagger.Test.dll" executed="True" result="Success" success="True" time="0.210" asserts="0">
    <results>
      <test-suite type="Namespace" name="IO" executed="True" result="Success" success="True" time="0.205" asserts="0">
        <results>
          <test-suite type="Namespace" name="Swagger" executed="True" result="Success" success="True" time="0.205" asserts="0">
            <results>
              <test-suite type="Namespace" name="Test" executed="True" result="Success" success="True" time="0.205" asserts="0">
                <results>
                  <test-suite type="TestFixture" name="ActivityTests" executed="True" result="Success" success="True" time="0.020" asserts="0">
                    <results>
                      <test-case name="IO.Swagger.Test.ActivityTests.ActivityInstanceTest" executed="True" result="Success" success="True" time="0.008" asserts="0" />
                      <test-case name="IO.Swagger.Test.ActivityTests.ArrTimeTest" executed="True" result="Success" success="True" time="0.000" asserts="0" />
                      <test-case name="IO.Swagger.Test.ActivityTests.DistanceTest" executed="True" result="Success" success="True" time="0.000" asserts="0" />
                      <test-case name="IO.Swagger.Test.ActivityTests.DrivingTimeTest" executed="True" result="Success" success="True" time="0.000" asserts="0" />
                      <test-case name="IO.Swagger.Test.ActivityTests.EndTimeTest" executed="True" result="Success" success="True" time="0.000" asserts="0" />
                      <test-case name="IO.Swagger.Test.ActivityTests.IdTest" executed="True" result="Success" success="True" time="0.000" asserts="0" />
                      <test-case name="IO.Swagger.Test.ActivityTests.LoadAfterTest" executed="True" result="Success" success="True" time="0.000" asserts="0" />
                      <test-case name="IO.Swagger.Test.ActivityTests.LoadBeforeTest" executed="True" result="Success" success="True" time="0.000" asserts="0" />
                      <test-case name="IO.Swagger.Test.ActivityTests.LocationIdTest" executed="True" result="Success" success="True" time="0.000" asserts="0" />
                      <test-case name="IO.Swagger.Test.ActivityTests.TypeTest" executed="True" result="Success" success="True" time="0.000" asserts="0" />
                      <test-case name="IO.Swagger.Test.ActivityTests.WaitingTimeTest" executed="True" result="Success" success="True" time="0.000" asserts="0" />
                    </results>
                  </test-suite>
                  <test-suite type="TestFixture" name="AddressTests" executed="True" result="Success" success="True" time="0.003" asserts="0">
                    <results>
                      <test-case name="IO.Swagger.Test.AddressTests.AddressInstanceTest" executed="True" result="Success" success="True" time="0.000" asserts="0" />
                      <test-case name="IO.Swagger.Test.AddressTests.LatTest" executed="True" result="Success" success="True" time="0.000" asserts="0" />
                      <test-case name="IO.Swagger.Test.AddressTests.LocationIdTest" executed="True" result="Success" success="True" time="0.000" asserts="0" />
                      <test-case name="IO.Swagger.Test.AddressTests.LonTest" executed="True" result="Success" success="True" time="0.000" asserts="0" />
                      <test-case name="IO.Swagger.Test.AddressTests.NameTest" executed="True" result="Success" success="True" time="0.000" asserts="0" />
                    </results>
                  </test-suite>
                  <test-suite type="TestFixture" name="AlgorithmTests" executed="True" result="Success" success="True" time="0.001" asserts="0">
                    <results>
                      <test-case name="IO.Swagger.Test.AlgorithmTests.AlgorithmInstanceTest" executed="True" result="Success" success="True" time="0.000" asserts="0" />
                      <test-case name="IO.Swagger.Test.AlgorithmTests.ObjectiveTest" executed="True" result="Success" success="True" time="0.000" asserts="0" />
                      <test-case name="IO.Swagger.Test.AlgorithmTests.ProblemTypeTest" executed="True" result="Success" success="True" time="0.000" asserts="0" />
                    </results>
                  </test-suite>
                  <test-suite type="TestFixture" name="BreakTests" executed="True" result="Success" success="True" time="0.004" asserts="0">
                    <results>
                      <test-case name="IO.Swagger.Test.BreakTests.BreakInstanceTest" executed="True" result="Success" success="True" time="0.000" asserts="0" />
                      <test-case name="IO.Swagger.Test.BreakTests.DurationTest" executed="True" result="Success" success="True" time="0.000" asserts="0" />
                      <test-case name="IO.Swagger.Test.BreakTests.EarliestTest" executed="True" result="Success" success="True" time="0.000" asserts="0" />
                      <test-case name="IO.Swagger.Test.BreakTests.InitialDrivingTimeTest" executed="True" result="Success" success="True" time="0.000" asserts="0" />
                      <test-case name="IO.Swagger.Test.BreakTests.LatestTest" executed="True" result="Success" success="True" time="0.000" asserts="0" />
                      <test-case name="IO.Swagger.Test.BreakTests.MaxDrivingTimeTest" executed="True" result="Success" success="True" time="0.000" asserts="0" />
                      <test-case name="IO.Swagger.Test.BreakTests.PossibleSplitTest" executed="True" result="Success" success="True" time="0.000" asserts="0" />
                    </results>
                  </test-suite>
                  <test-suite type="TestFixture" name="ConfigurationTests" executed="True" result="Success" success="True" time="0.001" asserts="0">
                    <results>
                      <test-case name="IO.Swagger.Test.ConfigurationTests.ConfigurationInstanceTest" executed="True" result="Success" success="True" time="0.000" asserts="0" />
                      <test-case name="IO.Swagger.Test.ConfigurationTests.RoutingTest" executed="True" result="Success" success="True" time="0.000" asserts="0" />
                    </results>
                  </test-suite>
                  <test-suite type="TestFixture" name="CostMatrixDataInfoTests" executed="True" result="Success" success="True" time="0.001" asserts="0">
                    <results>
                      <test-case name="IO.Swagger.Test.CostMatrixDataInfoTests.CopyrightsTest" executed="True" result="Success" success="True" time="0.000" asserts="0" />
                      <test-case name="IO.Swagger.Test.CostMatrixDataInfoTests.CostMatrixDataInfoInstanceTest" executed="True" result="Success" success="True" time="0.000" asserts="0" />
                      <test-case name="IO.Swagger.Test.CostMatrixDataInfoTests.TookTest" executed="True" result="Success" success="True" time="0.000" asserts="0" />
                    </results>
                  </test-suite>
                  <test-suite type="TestFixture" name="CostMatrixDataTests" executed="True" result="Success" success="True" time="0.002" asserts="0">
                    <results>
                      <test-case name="IO.Swagger.Test.CostMatrixDataTests.CostMatrixDataInstanceTest" executed="True" result="Success" success="True" time="0.000" asserts="0" />
                      <test-case name="IO.Swagger.Test.CostMatrixDataTests.DistancesTest" executed="True" result="Success" success="True" time="0.000" asserts="0" />
                      <test-case name="IO.Swagger.Test.CostMatrixDataTests.InfoTest" executed="True" result="Success" success="True" time="0.000" asserts="0" />
                      <test-case name="IO.Swagger.Test.CostMatrixDataTests.TimesTest" executed="True" result="Success" success="True" time="0.000" asserts="0" />
                    </results>
                  </test-suite>
                  <test-suite type="TestFixture" name="CostMatrixTests" executed="True" result="Success" success="True" time="0.004" asserts="0">
                    <results>
                      <test-case name="IO.Swagger.Test.CostMatrixTests.CostMatrixInstanceTest" executed="True" result="Success" success="True" time="0.000" asserts="0" />
                      <test-case name="IO.Swagger.Test.CostMatrixTests.DataTest" executed="True" result="Success" success="True" time="0.000" asserts="0" />
                      <test-case name="IO.Swagger.Test.CostMatrixTests.LocationIdsTest" executed="True" result="Success" success="True" time="0.000" asserts="0" />
                      <test-case name="IO.Swagger.Test.CostMatrixTests.ProfileTest" executed="True" result="Success" success="True" time="0.000" asserts="0" />
                      <test-case name="IO.Swagger.Test.CostMatrixTests.TypeTest" executed="True" result="Success" success="True" time="0.000" asserts="0" />
                      <test-case name="IO.Swagger.Test.CostMatrixTests.UrlTest" executed="True" result="Success" success="True" time="0.000" asserts="0" />
                    </results>
                  </test-suite>
                  <test-suite type="TestFixture" name="GeocodingApiTests" executed="True" result="Success" success="True" time="0.009" asserts="0">
                    <results>
                      <test-case name="IO.Swagger.Test.GeocodingApiTests.GeocodeGetTest" executed="True" result="Success" success="True" time="0.008" asserts="0" />
                      <test-case name="IO.Swagger.Test.GeocodingApiTests.InstanceTest" executed="True" result="Success" success="True" time="0.000" asserts="0" />
                    </results>
                  </test-suite>
                  <test-suite type="TestFixture" name="GeocodingLocationTests" executed="True" result="Success" success="True" time="0.006" asserts="0">
                    <results>
                      <test-case name="IO.Swagger.Test.GeocodingLocationTests.CityTest" executed="True" result="Success" success="True" time="0.000" asserts="0" />
                      <test-case name="IO.Swagger.Test.GeocodingLocationTests.CountryTest" executed="True" result="Success" success="True" time="0.000" asserts="0" />
                      <test-case name="IO.Swagger.Test.GeocodingLocationTests.GeocodingLocationInstanceTest" executed="True" result="Success" success="True" time="0.000" asserts="0" />
                      <test-case name="IO.Swagger.Test.GeocodingLocationTests.HousenumberTest" executed="True" result="Success" success="True" time="0.000" asserts="0" />
                      <test-case name="IO.Swagger.Test.GeocodingLocationTests.NameTest" executed="True" result="Success" success="True" time="0.000" asserts="0" />
                      <test-case name="IO.Swagger.Test.GeocodingLocationTests.OsmIdTest" executed="True" result="Success" success="True" time="0.000" asserts="0" />
                      <test-case name="IO.Swagger.Test.GeocodingLocationTests.OsmKeyTest" executed="True" result="Success" success="True" time="0.000" asserts="0" />
                      <test-case name="IO.Swagger.Test.GeocodingLocationTests.OsmTypeTest" executed="True" result="Success" success="True" time="0.000" asserts="0" />
                      <test-case name="IO.Swagger.Test.GeocodingLocationTests.PointTest" executed="True" result="Success" success="True" time="0.000" asserts="0" />
                      <test-case name="IO.Swagger.Test.GeocodingLocationTests.PostcodeTest" executed="True" result="Success" success="True" time="0.000" asserts="0" />
                      <test-case name="IO.Swagger.Test.GeocodingLocationTests.StateTest" executed="True" result="Success" success="True" time="0.000" asserts="0" />
                      <test-case name="IO.Swagger.Test.GeocodingLocationTests.StreetTest" executed="True" result="Success" success="True" time="0.000" asserts="0" />
                    </results>
                  </test-suite>
                  <test-suite type="TestFixture" name="GeocodingPointTests" executed="True" result="Success" success="True" time="0.001" asserts="0">
                    <results>
                      <test-case name="IO.Swagger.Test.GeocodingPointTests.GeocodingPointInstanceTest" executed="True" result="Success" success="True" time="0.000" asserts="0" />
                      <test-case name="IO.Swagger.Test.GeocodingPointTests.LatTest" executed="True" result="Success" success="True" time="0.000" asserts="0" />
                      <test-case name="IO.Swagger.Test.GeocodingPointTests.LngTest" executed="True" result="Success" success="True" time="0.000" asserts="0" />
                    </results>
                  </test-suite>
                  <test-suite type="TestFixture" name="GeocodingResponseTests" executed="True" result="Success" success="True" time="0.002" asserts="0">
                    <results>
                      <test-case name="IO.Swagger.Test.GeocodingResponseTests.GeocodingResponseInstanceTest" executed="True" result="Success" success="True" time="0.000" asserts="0" />
                      <test-case name="IO.Swagger.Test.GeocodingResponseTests.HitsTest" executed="True" result="Success" success="True" time="0.000" asserts="0" />
                      <test-case name="IO.Swagger.Test.GeocodingResponseTests.LocaleTest" executed="True" result="Success" success="True" time="0.000" asserts="0" />
                    </results>
                  </test-suite>
                  <test-suite type="TestFixture" name="GHErrorHintsTests" executed="True" result="Success" success="True" time="0.001" asserts="0">
                    <results>
                      <test-case name="IO.Swagger.Test.GHErrorHintsTests.GHErrorHintsInstanceTest" executed="True" result="Success" success="True" time="0.000" asserts="0" />
                      <test-case name="IO.Swagger.Test.GHErrorHintsTests.MessageTest" executed="True" result="Success" success="True" time="0.000" asserts="0" />
                    </results>
                  </test-suite>
                  <test-suite type="TestFixture" name="GHErrorTests" executed="True" result="Success" success="True" time="0.002" asserts="0">
                    <results>
                      <test-case name="IO.Swagger.Test.GHErrorTests.CodeTest" executed="True" result="Success" success="True" time="0.000" asserts="0" />
                      <test-case name="IO.Swagger.Test.GHErrorTests.GHErrorInstanceTest" executed="True" result="Success" success="True" time="0.000" asserts="0" />
                      <test-case name="IO.Swagger.Test.GHErrorTests.HintsTest" executed="True" result="Success" success="True" time="0.000" asserts="0" />
                      <test-case name="IO.Swagger.Test.GHErrorTests.MessageTest" executed="True" result="Success" success="True" time="0.000" asserts="0" />
                    </results>
                  </test-suite>
                  <test-suite type="TestFixture" name="IsochroneApiTests" executed="True" result="Success" success="True" time="0.002" asserts="0">
                    <results>
                      <test-case name="IO.Swagger.Test.IsochroneApiTests.InstanceTest" executed="True" result="Success" success="True" time="0.001" asserts="0" />
                      <test-case name="IO.Swagger.Test.IsochroneApiTests.IsochroneGetTest" executed="True" result="Success" success="True" time="0.000" asserts="0" />
                    </results>
                  </test-suite>
                  <test-suite type="TestFixture" name="IsochroneResponsePolygonGeometryTests" executed="True" result="Success" success="True" time="0.001" asserts="0">
                    <results>
                      <test-case name="IO.Swagger.Test.IsochroneResponsePolygonGeometryTests.CoordinatesTest" executed="True" result="Success" success="True" time="0.000" asserts="0" />
                      <test-case name="IO.Swagger.Test.IsochroneResponsePolygonGeometryTests.IsochroneResponsePolygonGeometryInstanceTest" executed="True" result="Success" success="True" time="0.000" asserts="0" />
                      <test-case name="IO.Swagger.Test.IsochroneResponsePolygonGeometryTests.TypeTest" executed="True" result="Success" success="True" time="0.000" asserts="0" />
                    </results>
                  </test-suite>
                  <test-suite type="TestFixture" name="IsochroneResponsePolygonPropertiesTests" executed="True" result="Success" success="True" time="0.001" asserts="0">
                    <results>
                      <test-case name="IO.Swagger.Test.IsochroneResponsePolygonPropertiesTests.BucketTest" executed="True" result="Success" success="True" time="0.000" asserts="0" />
                      <test-case name="IO.Swagger.Test.IsochroneResponsePolygonPropertiesTests.IsochroneResponsePolygonPropertiesInstanceTest" executed="True" result="Success" success="True" time="0.000" asserts="0" />
                    </results>
                  </test-suite>
                  <test-suite type="TestFixture" name="IsochroneResponsePolygonTests" executed="True" result="Success" success="True" time="0.002" asserts="0">
                    <results>
                      <test-case name="IO.Swagger.Test.IsochroneResponsePolygonTests.GeometryTest" executed="True" result="Success" success="True" time="0.000" asserts="0" />
                      <test-case name="IO.Swagger.Test.IsochroneResponsePolygonTests.IsochroneResponsePolygonInstanceTest" executed="True" result="Success" success="True" time="0.000" asserts="0" />
                      <test-case name="IO.Swagger.Test.IsochroneResponsePolygonTests.PropertiesTest" executed="True" result="Success" success="True" time="0.000" asserts="0" />
                      <test-case name="IO.Swagger.Test.IsochroneResponsePolygonTests.TypeTest" executed="True" result="Success" success="True" time="0.000" asserts="0" />
                    </results>
                  </test-suite>
                  <test-suite type="TestFixture" name="IsochroneResponseTests" executed="True" result="Success" success="True" time="0.001" asserts="0">
                    <results>
                      <test-case name="IO.Swagger.Test.IsochroneResponseTests.CopyrightsTest" executed="True" result="Success" success="True" time="0.000" asserts="0" />
                      <test-case name="IO.Swagger.Test.IsochroneResponseTests.IsochroneResponseInstanceTest" executed="True" result="Success" success="True" time="0.000" asserts="0" />
                      <test-case name="IO.Swagger.Test.IsochroneResponseTests.PolygonsTest" executed="True" result="Success" success="True" time="0.000" asserts="0" />
                    </results>
                  </test-suite>
                  <test-suite type="TestFixture" name="JobIdTests" executed="True" result="Success" success="True" time="0.001" asserts="0">
                    <results>
                      <test-case name="IO.Swagger.Test.JobIdTests._JobIdTest" executed="True" result="Success" success="True" time="0.000" asserts="0" />
                      <test-case name="IO.Swagger.Test.JobIdTests.JobIdInstanceTest" executed="True" result="Success" success="True" time="0.000" asserts="0" />
                    </results>
                  </test-suite>
                  <test-suite type="TestFixture" name="LocationTests" executed="True" result="Success" success="True" time="0.002" asserts="0">
                    <results>
                      <test-case name="IO.Swagger.Test.LocationTests.LatTest" executed="True" result="Success" success="True" time="0.000" asserts="0" />
                      <test-case name="IO.Swagger.Test.LocationTests.LocationInstanceTest" executed="True" result="Success" success="True" time="0.000" asserts="0" />
                      <test-case name="IO.Swagger.Test.LocationTests.LonTest" executed="True" result="Success" success="True" time="0.000" asserts="0" />
                    </results>
                  </test-suite>
                  <test-suite type="TestFixture" name="MatrixApiTests" executed="True" result="Success" success="True" time="0.002" asserts="0">
                    <results>
                      <test-case name="IO.Swagger.Test.MatrixApiTests.InstanceTest" executed="True" result="Success" success="True" time="0.001" asserts="0" />
                      <test-case name="IO.Swagger.Test.MatrixApiTests.MatrixGetTest" executed="True" result="Success" success="True" time="0.000" asserts="0" />
                      <test-case name="IO.Swagger.Test.MatrixApiTests.MatrixPostTest" executed="True" result="Success" success="True" time="0.000" asserts="0" />
                    </results>
                  </test-suite>
                  <test-suite type="TestFixture" name="MatrixRequestTests" executed="True" result="Success" success="True" time="0.003" asserts="0">
                    <results>
                      <test-case name="IO.Swagger.Test.MatrixRequestTests.FromPointsTest" executed="True" result="Success" success="True" time="0.000" asserts="0" />
                      <test-case name="IO.Swagger.Test.MatrixRequestTests.MatrixRequestInstanceTest" executed="True" result="Success" success="True" time="0.000" asserts="0" />
                      <test-case name="IO.Swagger.Test.MatrixRequestTests.OutArraysTest" executed="True" result="Success" success="True" time="0.000" asserts="0" />
                      <test-case name="IO.Swagger.Test.MatrixRequestTests.PointsTest" executed="True" result="Success" success="True" time="0.000" asserts="0" />
                      <test-case name="IO.Swagger.Test.MatrixRequestTests.ToPointsTest" executed="True" result="Success" success="True" time="0.000" asserts="0" />
                      <test-case name="IO.Swagger.Test.MatrixRequestTests.VehicleTest" executed="True" result="Success" success="True" time="0.000" asserts="0" />
                    </results>
                  </test-suite>
                  <test-suite type="TestFixture" name="MatrixResponseTests" executed="True" result="Success" success="True" time="0.002" asserts="0">
                    <results>
                      <test-case name="IO.Swagger.Test.MatrixResponseTests.DistancesTest" executed="True" result="Success" success="True" time="0.000" asserts="0" />
                      <test-case name="IO.Swagger.Test.MatrixResponseTests.InfoTest" executed="True" result="Success" success="True" time="0.000" asserts="0" />
                      <test-case name="IO.Swagger.Test.MatrixResponseTests.MatrixResponseInstanceTest" executed="True" result="Success" success="True" time="0.000" asserts="0" />
                      <test-case name="IO.Swagger.Test.MatrixResponseTests.TimesTest" executed="True" result="Success" success="True" time="0.000" asserts="0" />
                      <test-case name="IO.Swagger.Test.MatrixResponseTests.WeightsTest" executed="True" result="Success" success="True" time="0.000" asserts="0" />
                    </results>
                  </test-suite>
                  <test-suite type="TestFixture" name="ObjectiveTests" executed="True" result="Success" success="True" time="0.001" asserts="0">
                    <results>
                      <test-case name="IO.Swagger.Test.ObjectiveTests.ObjectiveInstanceTest" executed="True" result="Success" success="True" time="0.000" asserts="0" />
                      <test-case name="IO.Swagger.Test.ObjectiveTests.TypeTest" executed="True" result="Success" success="True" time="0.000" asserts="0" />
                      <test-case name="IO.Swagger.Test.ObjectiveTests.ValueTest" executed="True" result="Success" success="True" time="0.000" asserts="0" />
                    </results>
                  </test-suite>
                  <test-suite type="TestFixture" name="RelationTests" executed="True" result="Success" success="True" time="0.002" asserts="0">
                    <results>
                      <test-case name="IO.Swagger.Test.RelationTests.IdsTest" executed="True" result="Success" success="True" time="0.000" asserts="0" />
                      <test-case name="IO.Swagger.Test.RelationTests.RelationInstanceTest" executed="True" result="Success" success="True" time="0.000" asserts="0" />
                      <test-case name="IO.Swagger.Test.RelationTests.TypeTest" executed="True" result="Success" success="True" time="0.000" asserts="0" />
                      <test-case name="IO.Swagger.Test.RelationTests.VehicleIdTest" executed="True" result="Success" success="True" time="0.000" asserts="0" />
                    </results>
                  </test-suite>
                  <test-suite type="TestFixture" name="RequestTests" executed="True" result="Success" success="True" time="0.005" asserts="0">
                    <results>
                      <test-case name="IO.Swagger.Test.RequestTests.AlgorithmTest" executed="True" result="Success" success="True" time="0.000" asserts="0" />
                      <test-case name="IO.Swagger.Test.RequestTests.ConfigurationTest" executed="True" result="Success" success="True" time="0.000" asserts="0" />
                      <test-case name="IO.Swagger.Test.RequestTests.CostMatricesTest" executed="True" result="Success" success="True" time="0.000" asserts="0" />
                      <test-case name="IO.Swagger.Test.RequestTests.ObjectivesTest" executed="True" result="Success" success="True" time="0.000" asserts="0" />
                      <test-case name="IO.Swagger.Test.RequestTests.RelationsTest" executed="True" result="Success" success="True" time="0.000" asserts="0" />
                      <test-case name="IO.Swagger.Test.RequestTests.RequestInstanceTest" executed="True" result="Success" success="True" time="0.000" asserts="0" />
                      <test-case name="IO.Swagger.Test.RequestTests.ServicesTest" executed="True" result="Success" success="True" time="0.000" asserts="0" />
                      <test-case name="IO.Swagger.Test.RequestTests.ShipmentsTest" executed="True" result="Success" success="True" time="0.000" asserts="0" />
                      <test-case name="IO.Swagger.Test.RequestTests.VehiclesTest" executed="True" result="Success" success="True" time="0.000" asserts="0" />
                      <test-case name="IO.Swagger.Test.RequestTests.VehicleTypesTest" executed="True" result="Success" success="True" time="0.000" asserts="0" />
                    </results>
                  </test-suite>
                  <test-suite type="TestFixture" name="ResponseCoordinatesArrayTests" executed="True" result="Success" success="True" time="0.000" asserts="0">
                    <results>
                      <test-case name="IO.Swagger.Test.ResponseCoordinatesArrayTests.ResponseCoordinatesArrayInstanceTest" executed="True" result="Success" success="True" time="0.000" asserts="0" />
                    </results>
                  </test-suite>
                  <test-suite type="TestFixture" name="ResponseCoordinatesTests" executed="True" result="Success" success="True" time="0.001" asserts="0">
                    <results>
                      <test-case name="IO.Swagger.Test.ResponseCoordinatesTests.CoordinatesTest" executed="True" result="Success" success="True" time="0.000" asserts="0" />
                      <test-case name="IO.Swagger.Test.ResponseCoordinatesTests.ResponseCoordinatesInstanceTest" executed="True" result="Success" success="True" time="0.000" asserts="0" />
                    </results>
                  </test-suite>
                  <test-suite type="TestFixture" name="ResponseInfoTests" executed="True" result="Success" success="True" time="0.001" asserts="0">
                    <results>
                      <test-case name="IO.Swagger.Test.ResponseInfoTests.CopyrightsTest" executed="True" result="Success" success="True" time="0.000" asserts="0" />
                      <test-case name="IO.Swagger.Test.ResponseInfoTests.ResponseInfoInstanceTest" executed="True" result="Success" success="True" time="0.000" asserts="0" />
                      <test-case name="IO.Swagger.Test.ResponseInfoTests.TookTest" executed="True" result="Success" success="True" time="0.000" asserts="0" />
                    </results>
                  </test-suite>
                  <test-suite type="TestFixture" name="ResponseInstructionsTests" executed="True" result="Success" success="True" time="0.000" asserts="0">
                    <results>
                      <test-case name="IO.Swagger.Test.ResponseInstructionsTests.ResponseInstructionsInstanceTest" executed="True" result="Success" success="True" time="0.000" asserts="0" />
                    </results>
                  </test-suite>
                  <test-suite type="TestFixture" name="ResponseInstructionTests" executed="True" result="Success" success="True" time="0.005" asserts="0">
                    <results>
                      <test-case name="IO.Swagger.Test.ResponseInstructionTests.AnnotationImportanceTest" executed="True" result="Success" success="True" time="0.000" asserts="0" />
                      <test-case name="IO.Swagger.Test.ResponseInstructionTests.AnnotationTextTest" executed="True" result="Success" success="True" time="0.000" asserts="0" />
                      <test-case name="IO.Swagger.Test.ResponseInstructionTests.DistanceTest" executed="True" result="Success" success="True" time="0.000" asserts="0" />
                      <test-case name="IO.Swagger.Test.ResponseInstructionTests.ExitNumberTest" executed="True" result="Success" success="True" time="0.000" asserts="0" />
                      <test-case name="IO.Swagger.Test.ResponseInstructionTests.IntervalTest" executed="True" result="Success" success="True" time="0.000" asserts="0" />
                      <test-case name="IO.Swagger.Test.ResponseInstructionTests.ResponseInstructionInstanceTest" executed="True" result="Success" success="True" time="0.000" asserts="0" />
                      <test-case name="IO.Swagger.Test.ResponseInstructionTests.SignTest" executed="True" result="Success" success="True" time="0.000" asserts="0" />
                      <test-case name="IO.Swagger.Test.ResponseInstructionTests.StreetNameTest" executed="True" result="Success" success="True" time="0.000" asserts="0" />
                      <test-case name="IO.Swagger.Test.ResponseInstructionTests.TextTest" executed="True" result="Success" success="True" time="0.000" asserts="0" />
                      <test-case name="IO.Swagger.Test.ResponseInstructionTests.TimeTest" executed="True" result="Success" success="True" time="0.000" asserts="0" />
                      <test-case name="IO.Swagger.Test.ResponseInstructionTests.TurnAngleTest" executed="True" result="Success" success="True" time="0.000" asserts="0" />
                    </results>
                  </test-suite>
                  <test-suite type="TestFixture" name="ResponseTests" executed="True" result="Success" success="True" time="0.004" asserts="0">
                    <results>
                      <test-case name="IO.Swagger.Test.ResponseTests.CopyrightsTest" executed="True" result="Success" success="True" time="0.000" asserts="0" />
                      <test-case name="IO.Swagger.Test.ResponseTests.JobIdTest" executed="True" result="Success" success="True" time="0.000" asserts="0" />
                      <test-case name="IO.Swagger.Test.ResponseTests.ProcessingTimeTest" executed="True" result="Success" success="True" time="0.000" asserts="0" />
                      <test-case name="IO.Swagger.Test.ResponseTests.ResponseInstanceTest" executed="True" result="Success" success="True" time="0.000" asserts="0" />
                      <test-case name="IO.Swagger.Test.ResponseTests.SolutionTest" executed="True" result="Success" success="True" time="0.000" asserts="0" />
                      <test-case name="IO.Swagger.Test.ResponseTests.StatusTest" executed="True" result="Success" success="True" time="0.000" asserts="0" />
                      <test-case name="IO.Swagger.Test.ResponseTests.WaitingInQueueTest" executed="True" result="Success" success="True" time="0.000" asserts="0" />
                    </results>
                  </test-suite>
                  <test-suite type="TestFixture" name="RoutePointTests" executed="True" result="Success" success="True" time="0.002" asserts="0">
                    <results>
                      <test-case name="IO.Swagger.Test.RoutePointTests.CoordinatesTest" executed="True" result="Success" success="True" time="0.000" asserts="0" />
                      <test-case name="IO.Swagger.Test.RoutePointTests.RoutePointInstanceTest" executed="True" result="Success" success="True" time="0.000" asserts="0" />
                      <test-case name="IO.Swagger.Test.RoutePointTests.TypeTest" executed="True" result="Success" success="True" time="0.000" asserts="0" />
                    </results>
                  </test-suite>
                  <test-suite type="TestFixture" name="RouteResponsePathTests" executed="True" result="Success" success="True" time="0.006" asserts="0">
                    <results>
                      <test-case name="IO.Swagger.Test.RouteResponsePathTests.AscendTest" executed="True" result="Success" success="True" time="0.000" asserts="0" />
                      <test-case name="IO.Swagger.Test.RouteResponsePathTests.BboxTest" executed="True" result="Success" success="True" time="0.000" asserts="0" />
                      <test-case name="IO.Swagger.Test.RouteResponsePathTests.DescendTest" executed="True" result="Success" success="True" time="0.000" asserts="0" />
                      <test-case name="IO.Swagger.Test.RouteResponsePathTests.DistanceTest" executed="True" result="Success" success="True" time="0.000" asserts="0" />
                      <test-case name="IO.Swagger.Test.RouteResponsePathTests.InstructionsTest" executed="True" result="Success" success="True" time="0.000" asserts="0" />
                      <test-case name="IO.Swagger.Test.RouteResponsePathTests.PointsEncodedTest" executed="True" result="Success" success="True" time="0.000" asserts="0" />
                      <test-case name="IO.Swagger.Test.RouteResponsePathTests.PointsTest" executed="True" result="Success" success="True" time="0.000" asserts="0" />
                      <test-case name="IO.Swagger.Test.RouteResponsePathTests.RouteResponsePathInstanceTest" executed="True" result="Success" success="True" time="0.000" asserts="0" />
                      <test-case name="IO.Swagger.Test.RouteResponsePathTests.SnappedWaypointsTest" executed="True" result="Success" success="True" time="0.000" asserts="0" />
                      <test-case name="IO.Swagger.Test.RouteResponsePathTests.TimeTest" executed="True" result="Success" success="True" time="0.000" asserts="0" />
                    </results>
                  </test-suite>
                  <test-suite type="TestFixture" name="RouteResponseTests" executed="True" result="Success" success="True" time="0.002" asserts="0">
                    <results>
                      <test-case name="IO.Swagger.Test.RouteResponseTests.InfoTest" executed="True" result="Success" success="True" time="0.000" asserts="0" />
                      <test-case name="IO.Swagger.Test.RouteResponseTests.PathsTest" executed="True" result="Success" success="True" time="0.000" asserts="0" />
                      <test-case name="IO.Swagger.Test.RouteResponseTests.RouteResponseInstanceTest" executed="True" result="Success" success="True" time="0.000" asserts="0" />
                    </results>
                  </test-suite>
                  <test-suite type="TestFixture" name="RouteTests" executed="True" result="Success" success="True" time="0.005" asserts="0">
                    <results>
                      <test-case name="IO.Swagger.Test.RouteTests.ActivitiesTest" executed="True" result="Success" success="True" time="0.000" asserts="0" />
                      <test-case name="IO.Swagger.Test.RouteTests.CompletionTimeTest" executed="True" result="Success" success="True" time="0.000" asserts="0" />
                      <test-case name="IO.Swagger.Test.RouteTests.DistanceTest" executed="True" result="Success" success="True" time="0.000" asserts="0" />
                      <test-case name="IO.Swagger.Test.RouteTests.PointsTest" executed="True" result="Success" success="True" time="0.000" asserts="0" />
                      <test-case name="IO.Swagger.Test.RouteTests.RouteInstanceTest" executed="True" result="Success" success="True" time="0.000" asserts="0" />
                      <test-case name="IO.Swagger.Test.RouteTests.TransportTimeTest" executed="True" result="Success" success="True" time="0.000" asserts="0" />
                      <test-case name="IO.Swagger.Test.RouteTests.VehicleIdTest" executed="True" result="Success" success="True" time="0.000" asserts="0" />
                      <test-case name="IO.Swagger.Test.RouteTests.WaitingTimeTest" executed="True" result="Success" success="True" time="0.000" asserts="0" />
                    </results>
                  </test-suite>
                  <test-suite type="TestFixture" name="RoutingApiTests" executed="True" result="Success" success="True" time="0.001" asserts="0">
                    <results>
                      <test-case name="IO.Swagger.Test.RoutingApiTests.InstanceTest" executed="True" result="Success" success="True" time="0.001" asserts="0" />
                      <test-case name="IO.Swagger.Test.RoutingApiTests.RouteGetTest" executed="True" result="Success" success="True" time="0.000" asserts="0" />
                    </results>
                  </test-suite>
                  <test-suite type="TestFixture" name="RoutingTests" executed="True" result="Success" success="True" time="0.001" asserts="0">
                    <results>
                      <test-case name="IO.Swagger.Test.RoutingTests.CalcPointsTest" executed="True" result="Success" success="True" time="0.000" asserts="0" />
                      <test-case name="IO.Swagger.Test.RoutingTests.RoutingInstanceTest" executed="True" result="Success" success="True" time="0.000" asserts="0" />
                    </results>
                  </test-suite>
                  <test-suite type="TestFixture" name="ServiceTests" executed="True" result="Success" success="True" time="0.005" asserts="0">
                    <results>
                      <test-case name="IO.Swagger.Test.ServiceTests.AddressTest" executed="True" result="Success" success="True" time="0.000" asserts="0" />
                      <test-case name="IO.Swagger.Test.ServiceTests.AllowedVehiclesTest" executed="True" result="Success" success="True" time="0.000" asserts="0" />
                      <test-case name="IO.Swagger.Test.ServiceTests.DurationTest" executed="True" result="Success" success="True" time="0.000" asserts="0" />
                      <test-case name="IO.Swagger.Test.ServiceTests.IdTest" executed="True" result="Success" success="True" time="0.000" asserts="0" />
                      <test-case name="IO.Swagger.Test.ServiceTests.NameTest" executed="True" result="Success" success="True" time="0.000" asserts="0" />
                      <test-case name="IO.Swagger.Test.ServiceTests.PreparationTimeTest" executed="True" result="Success" success="True" time="0.000" asserts="0" />
                      <test-case name="IO.Swagger.Test.ServiceTests.PriorityTest" executed="True" result="Success" success="True" time="0.000" asserts="0" />
                      <test-case name="IO.Swagger.Test.ServiceTests.RequiredSkillsTest" executed="True" result="Success" success="True" time="0.000" asserts="0" />
                      <test-case name="IO.Swagger.Test.ServiceTests.ServiceInstanceTest" executed="True" result="Success" success="True" time="0.000" asserts="0" />
                      <test-case name="IO.Swagger.Test.ServiceTests.SizeTest" executed="True" result="Success" success="True" time="0.000" asserts="0" />
                      <test-case name="IO.Swagger.Test.ServiceTests.TimeWindowsTest" executed="True" result="Success" success="True" time="0.000" asserts="0" />
                      <test-case name="IO.Swagger.Test.ServiceTests.TypeTest" executed="True" result="Success" success="True" time="0.000" asserts="0" />
                    </results>
                  </test-suite>
                  <test-suite type="TestFixture" name="ShipmentTests" executed="True" result="Success" success="True" time="0.004" asserts="0">
                    <results>
                      <test-case name="IO.Swagger.Test.ShipmentTests.AllowedVehiclesTest" executed="True" result="Success" success="True" time="0.000" asserts="0" />
                      <test-case name="IO.Swagger.Test.ShipmentTests.DeliveryTest" executed="True" result="Success" success="True" time="0.000" asserts="0" />
                      <test-case name="IO.Swagger.Test.ShipmentTests.IdTest" executed="True" result="Success" success="True" time="0.000" asserts="0" />
                      <test-case name="IO.Swagger.Test.ShipmentTests.NameTest" executed="True" result="Success" success="True" time="0.000" asserts="0" />
                      <test-case name="IO.Swagger.Test.ShipmentTests.PickupTest" executed="True" result="Success" success="True" time="0.000" asserts="0" />
                      <test-case name="IO.Swagger.Test.ShipmentTests.PriorityTest" executed="True" result="Success" success="True" time="0.000" asserts="0" />
                      <test-case name="IO.Swagger.Test.ShipmentTests.RequiredSkillsTest" executed="True" result="Success" success="True" time="0.000" asserts="0" />
                      <test-case name="IO.Swagger.Test.ShipmentTests.ShipmentInstanceTest" executed="True" result="Success" success="True" time="0.000" asserts="0" />
                      <test-case name="IO.Swagger.Test.ShipmentTests.SizeTest" executed="True" result="Success" success="True" time="0.000" asserts="0" />
                    </results>
                  </test-suite>
                  <test-suite type="TestFixture" name="SolutionApiTests" executed="True" result="Success" success="True" time="0.001" asserts="0">
                    <results>
                      <test-case name="IO.Swagger.Test.SolutionApiTests.GetSolutionTest" executed="True" result="Success" success="True" time="0.000" asserts="0" />
                      <test-case name="IO.Swagger.Test.SolutionApiTests.InstanceTest" executed="True" result="Success" success="True" time="0.000" asserts="0" />
                    </results>
                  </test-suite>
                  <test-suite type="TestFixture" name="SolutionTests" executed="True" result="Success" success="True" time="0.006" asserts="0">
                    <results>
                      <test-case name="IO.Swagger.Test.SolutionTests.CostsTest" executed="True" result="Success" success="True" time="0.000" asserts="0" />
                      <test-case name="IO.Swagger.Test.SolutionTests.DistanceTest" executed="True" result="Success" success="True" time="0.000" asserts="0" />
                      <test-case name="IO.Swagger.Test.SolutionTests.MaxOperationTimeTest" executed="True" result="Success" success="True" time="0.000" asserts="0" />
                      <test-case name="IO.Swagger.Test.SolutionTests.NoUnassignedTest" executed="True" result="Success" success="True" time="0.000" asserts="0" />
                      <test-case name="IO.Swagger.Test.SolutionTests.NoVehiclesTest" executed="True" result="Success" success="True" time="0.000" asserts="0" />
                      <test-case name="IO.Swagger.Test.SolutionTests.RoutesTest" executed="True" result="Success" success="True" time="0.000" asserts="0" />
                      <test-case name="IO.Swagger.Test.SolutionTests.SolutionInstanceTest" executed="True" result="Success" success="True" time="0.000" asserts="0" />
                      <test-case name="IO.Swagger.Test.SolutionTests.TimeTest" executed="True" result="Success" success="True" time="0.000" asserts="0" />
                      <test-case name="IO.Swagger.Test.SolutionTests.TransportTimeTest" executed="True" result="Success" success="True" time="0.000" asserts="0" />
                      <test-case name="IO.Swagger.Test.SolutionTests.UnassignedTest" executed="True" result="Success" success="True" time="0.000" asserts="0" />
                      <test-case name="IO.Swagger.Test.SolutionTests.WaitingTimeTest" executed="True" result="Success" success="True" time="0.000" asserts="0" />
                    </results>
                  </test-suite>
                  <test-suite type="TestFixture" name="SolutionUnassignedTests" executed="True" result="Success" success="True" time="0.001" asserts="0">
                    <results>
                      <test-case name="IO.Swagger.Test.SolutionUnassignedTests.ServicesTest" executed="True" result="Success" success="True" time="0.000" asserts="0" />
                      <test-case name="IO.Swagger.Test.SolutionUnassignedTests.ShipmentsTest" executed="True" result="Success" success="True" time="0.000" asserts="0" />
                      <test-case name="IO.Swagger.Test.SolutionUnassignedTests.SolutionUnassignedInstanceTest" executed="True" result="Success" success="True" time="0.000" asserts="0" />
                    </results>
                  </test-suite>
                  <test-suite type="TestFixture" name="StopTests" executed="True" result="Success" success="True" time="0.003" asserts="0">
                    <results>
                      <test-case name="IO.Swagger.Test.StopTests.AddressTest" executed="True" result="Success" success="True" time="0.000" asserts="0" />
                      <test-case name="IO.Swagger.Test.StopTests.DurationTest" executed="True" result="Success" success="True" time="0.000" asserts="0" />
                      <test-case name="IO.Swagger.Test.StopTests.PreparationTimeTest" executed="True" result="Success" success="True" time="0.000" asserts="0" />
                      <test-case name="IO.Swagger.Test.StopTests.StopInstanceTest" executed="True" result="Success" success="True" time="0.000" asserts="0" />
                      <test-case name="IO.Swagger.Test.StopTests.TimeWindowsTest" executed="True" result="Success" success="True" time="0.000" asserts="0" />
                    </results>
                  </test-suite>
                  <test-suite type="TestFixture" name="TimeWindowTests" executed="True" result="Success" success="True" time="0.001" asserts="0">
                    <results>
                      <test-case name="IO.Swagger.Test.TimeWindowTests.EarliestTest" executed="True" result="Success" success="True" time="0.000" asserts="0" />
                      <test-case name="IO.Swagger.Test.TimeWindowTests.LatestTest" executed="True" result="Success" success="True" time="0.000" asserts="0" />
                      <test-case name="IO.Swagger.Test.TimeWindowTests.TimeWindowInstanceTest" executed="True" result="Success" success="True" time="0.000" asserts="0" />
                    </results>
                  </test-suite>
                  <test-suite type="TestFixture" name="VehicleTests" executed="True" result="Success" success="True" time="0.005" asserts="0">
                    <results>
                      <test-case name="IO.Swagger.Test.VehicleTests.BreakTest" executed="True" result="Success" success="True" time="0.000" asserts="0" />
                      <test-case name="IO.Swagger.Test.VehicleTests.EarliestStartTest" executed="True" result="Success" success="True" time="0.000" asserts="0" />
                      <test-case name="IO.Swagger.Test.VehicleTests.EndAddressTest" executed="True" result="Success" success="True" time="0.000" asserts="0" />
                      <test-case name="IO.Swagger.Test.VehicleTests.LatestEndTest" executed="True" result="Success" success="True" time="0.000" asserts="0" />
                      <test-case name="IO.Swagger.Test.VehicleTests.MaxDistanceTest" executed="True" result="Success" success="True" time="0.000" asserts="0" />
                      <test-case name="IO.Swagger.Test.VehicleTests.ReturnToDepotTest" executed="True" result="Success" success="True" time="0.000" asserts="0" />
                      <test-case name="IO.Swagger.Test.VehicleTests.SkillsTest" executed="True" result="Success" success="True" time="0.000" asserts="0" />
                      <test-case name="IO.Swagger.Test.VehicleTests.StartAddressTest" executed="True" result="Success" success="True" time="0.000" asserts="0" />
                      <test-case name="IO.Swagger.Test.VehicleTests.TypeIdTest" executed="True" result="Success" success="True" time="0.000" asserts="0" />
                      <test-case name="IO.Swagger.Test.VehicleTests.VehicleIdTest" executed="True" result="Success" success="True" time="0.000" asserts="0" />
                      <test-case name="IO.Swagger.Test.VehicleTests.VehicleInstanceTest" executed="True" result="Success" success="True" time="0.000" asserts="0" />
                    </results>
                  </test-suite>
                  <test-suite type="TestFixture" name="VehicleTypeTests" executed="True" result="Success" success="True" time="0.006" asserts="0">
                    <results>
                      <test-case name="IO.Swagger.Test.VehicleTypeTests.CapacityTest" executed="True" result="Success" success="True" time="0.000" asserts="0" />
                      <test-case name="IO.Swagger.Test.VehicleTypeTests.CostPerActivationTest" executed="True" result="Success" success="True" time="0.000" asserts="0" />
                      <test-case name="IO.Swagger.Test.VehicleTypeTests.CostPerMeterTest" executed="True" result="Success" success="True" time="0.000" asserts="0" />
                      <test-case name="IO.Swagger.Test.VehicleTypeTests.CostPerSecondTest" executed="True" result="Success" success="True" time="0.000" asserts="0" />
                      <test-case name="IO.Swagger.Test.VehicleTypeTests.ProfileTest" executed="True" result="Success" success="True" time="0.000" asserts="0" />
                      <test-case name="IO.Swagger.Test.VehicleTypeTests.ServiceTimeFactorTest" executed="True" result="Success" success="True" time="0.000" asserts="0" />
                      <test-case name="IO.Swagger.Test.VehicleTypeTests.SpeedFactorTest" executed="True" result="Success" success="True" time="0.000" asserts="0" />
                      <test-case name="IO.Swagger.Test.VehicleTypeTests.TypeIdTest" executed="True" result="Success" success="True" time="0.000" asserts="0" />
                      <test-case name="IO.Swagger.Test.VehicleTypeTests.VehicleTypeInstanceTest" executed="True" result="Success" success="True" time="0.000" asserts="0" />
                    </results>
                  </test-suite>
                  <test-suite type="TestFixture" name="VrpApiTests" executed="True" result="Success" success="True" time="0.001" asserts="0">
                    <results>
                      <test-case name="IO.Swagger.Test.VrpApiTests.InstanceTest" executed="True" result="Success" success="True" time="0.001" asserts="0" />
                      <test-case name="IO.Swagger.Test.VrpApiTests.PostVrpTest" executed="True" result="Success" success="True" time="0.000" asserts="0" />
                    </results>
                  </test-suite>
                </results>
              </test-suite>
            </results>
          </test-suite>
        </results>
      </test-suite>
    </results>
  </test-suite>
</test-results>